
-----------------------------------------------------------------------------------------------------------------
Fri Dec 22 22:27:13 EET 2023
User=belal

Error:
mkdir: cannot create directory ‘./DBMS’: File exists
-----------------------------------------------------------------------------------------------------------------


-----------------------------------------------------------------------------------------------------------------
Fri Dec 22 23:00:07 EET 2023
User=belal
Error:
mkdir: cannot create directory ‘./DBMS’: File exists
-----------------------------------------------------------------------------------------------------------------


-----------------------------------------------------------------------------------------------------------------
Fri Dec 22 23:16:20 EET 2023
User=belal
Error:
mkdir: cannot create directory ‘./DBMS’: File exists
-----------------------------------------------------------------------------------------------------------------


-----------------------------------------------------------------------------------------------------------------
Fri Dec 22 23:16:34 EET 2023
User=belal
Error:
mkdir: cannot create directory ‘./DBMS’: File exists
-----------------------------------------------------------------------------------------------------------------


-----------------------------------------------------------------------------------------------------------------
Fri Dec 22 23:16:59 EET 2023
User=belal
Error:
mkdir: cannot create directory ‘./DBMS’: File exists
-----------------------------------------------------------------------------------------------------------------


-----------------------------------------------------------------------------------------------------------------
Fri Dec 22 23:35:06 EET 2023
User=belal
Error:
mkdir: cannot create directory ‘./DBMS’: File exists
-----------------------------------------------------------------------------------------------------------------


-----------------------------------------------------------------------------------------------------------------
Fri Dec 22 23:35:11 EET 2023
User=belal
Error:
./DBMS.sh: line 109: cd: ./DBMS/ITI: No such file or directory
-----------------------------------------------------------------------------------------------------------------


-----------------------------------------------------------------------------------------------------------------
Fri Dec 22 23:36:15 EET 2023
User=belal
Error:
mkdir: cannot create directory ‘./DBMS’: File exists
-----------------------------------------------------------------------------------------------------------------


-----------------------------------------------------------------------------------------------------------------
Fri Dec 22 23:47:15 EET 2023
User=belal
Error:
mkdir: cannot create directory ‘./DBMS’: File exists
-----------------------------------------------------------------------------------------------------------------


-----------------------------------------------------------------------------------------------------------------
Fri Dec 22 23:48:32 EET 2023
User=belal
Error:
mkdir: cannot create directory ‘./DBMS’: File exists
-----------------------------------------------------------------------------------------------------------------


-----------------------------------------------------------------------------------------------------------------
Fri Dec 22 23:51:50 EET 2023
User=belal
Error:
mkdir: cannot create directory ‘./DBMS’: File exists
-----------------------------------------------------------------------------------------------------------------


-----------------------------------------------------------------------------------------------------------------
Fri Dec 22 23:52:35 EET 2023
User=belal
Error:
mkdir: cannot create directory ‘./DBMS’: File exists
-----------------------------------------------------------------------------------------------------------------


-----------------------------------------------------------------------------------------------------------------
Fri Dec 22 23:53:00 EET 2023
User=belal
Error:
mkdir: cannot create directory ‘./DBMS’: File exists
-----------------------------------------------------------------------------------------------------------------


-----------------------------------------------------------------------------------------------------------------
Fri Dec 22 23:54:41 EET 2023
User=belal
Error:
mkdir: cannot create directory ‘./DBMS’: File exists
-----------------------------------------------------------------------------------------------------------------


-----------------------------------------------------------------------------------------------------------------
Fri Dec 22 23:56:34 EET 2023
User=belal
Error:
mkdir: cannot create directory ‘./DBMS’: File exists
-----------------------------------------------------------------------------------------------------------------


-----------------------------------------------------------------------------------------------------------------
Fri Dec 22 23:57:53 EET 2023
User=belal
Error:
mkdir: cannot create directory ‘./DBMS’: File exists
-----------------------------------------------------------------------------------------------------------------


-----------------------------------------------------------------------------------------------------------------
Fri Dec 22 23:58:31 EET 2023
User=belal
Error:
mkdir: cannot create directory ‘./DBMS’: File exists
-----------------------------------------------------------------------------------------------------------------


-----------------------------------------------------------------------------------------------------------------
Fri Dec 22 23:59:10 EET 2023
User=belal
Error:
mkdir: cannot create directory ‘./DBMS’: File exists
-----------------------------------------------------------------------------------------------------------------


-----------------------------------------------------------------------------------------------------------------
Sat Dec 23 00:00:11 EET 2023
User=belal
Error:
mkdir: cannot create directory ‘./DBMS’: File exists
-----------------------------------------------------------------------------------------------------------------


-----------------------------------------------------------------------------------------------------------------
Sat Dec 23 00:01:28 EET 2023
User=belal
Error:
mkdir: cannot create directory ‘./DBMS’: File exists
-----------------------------------------------------------------------------------------------------------------


-----------------------------------------------------------------------------------------------------------------
Sat Dec 23 00:02:02 EET 2023
User=belal
Error:
mkdir: cannot create directory ‘./DBMS’: File exists
-----------------------------------------------------------------------------------------------------------------


-----------------------------------------------------------------------------------------------------------------
Sat Dec 23 00:02:32 EET 2023
User=belal
Error:
mkdir: cannot create directory ‘./DBMS’: File exists
-----------------------------------------------------------------------------------------------------------------


-----------------------------------------------------------------------------------------------------------------
Sat Dec 23 00:03:03 EET 2023
User=belal
Error:
mkdir: cannot create directory ‘./DBMS’: File exists
-----------------------------------------------------------------------------------------------------------------


-----------------------------------------------------------------------------------------------------------------
Sat Dec 23 00:05:57 EET 2023
User=belal
Error:
mkdir: cannot create directory ‘./DBMS’: File exists
-----------------------------------------------------------------------------------------------------------------


-----------------------------------------------------------------------------------------------------------------
Sat Dec 23 00:07:07 EET 2023
User=belal
Error:
mkdir: cannot create directory ‘./DBMS’: File exists
-----------------------------------------------------------------------------------------------------------------


-----------------------------------------------------------------------------------------------------------------
Sat Dec 23 00:07:24 EET 2023
User=belal
Error:
mkdir: cannot create directory ‘./DBMS’: File exists
-----------------------------------------------------------------------------------------------------------------


-----------------------------------------------------------------------------------------------------------------
Sat Dec 23 00:07:38 EET 2023
User=belal
Error:
mkdir: cannot create directory ‘./DBMS’: File exists
-----------------------------------------------------------------------------------------------------------------


-----------------------------------------------------------------------------------------------------------------
Sat Dec 23 00:08:02 EET 2023
User=belal
Error:
mkdir: cannot create directory ‘./DBMS’: File exists
-----------------------------------------------------------------------------------------------------------------


-----------------------------------------------------------------------------------------------------------------
Sat Dec 23 00:08:50 EET 2023
User=belal
Error:
mkdir: cannot create directory ‘./DBMS’: File exists
-----------------------------------------------------------------------------------------------------------------


-----------------------------------------------------------------------------------------------------------------
Sat Dec 23 00:09:22 EET 2023
User=belal
Error:
mkdir: cannot create directory ‘./DBMS’: File exists
-----------------------------------------------------------------------------------------------------------------


-----------------------------------------------------------------------------------------------------------------
Sat Dec 23 00:09:43 EET 2023
User=belal
Error:
mkdir: cannot create directory ‘./DBMS’: File exists
-----------------------------------------------------------------------------------------------------------------


-----------------------------------------------------------------------------------------------------------------
Sat Dec 23 00:10:30 EET 2023
User=belal
Error:
mkdir: cannot create directory ‘./DBMS’: File exists
-----------------------------------------------------------------------------------------------------------------


-----------------------------------------------------------------------------------------------------------------
Sat Dec 23 00:11:13 EET 2023
User=belal
Error:
mkdir: cannot create directory ‘./DBMS’: File exists
-----------------------------------------------------------------------------------------------------------------


-----------------------------------------------------------------------------------------------------------------
Sat Dec 23 00:11:38 EET 2023
User=belal
Error:
mkdir: cannot create directory ‘./DBMS’: File exists
-----------------------------------------------------------------------------------------------------------------


-----------------------------------------------------------------------------------------------------------------
Sat Dec 23 00:11:40 EET 2023
User=belal
Error:
./DBMS.sh: line 109: cd: ./DBMS/st: No such file or directory
-----------------------------------------------------------------------------------------------------------------

